2020-10-29 09:07:02,682 INFO o.a.j.u.JMeterUtils: Setting Locale to en_EN
2020-10-29 09:07:02,746 INFO o.a.j.JMeter: Loading user properties from: user.properties
2020-10-29 09:07:02,749 INFO o.a.j.JMeter: Loading system properties from: system.properties
2020-10-29 09:07:02,754 INFO o.a.j.JMeter: Copyright (c) 1998-2020 The Apache Software Foundation
2020-10-29 09:07:02,755 INFO o.a.j.JMeter: Version 5.3
2020-10-29 09:07:02,755 INFO o.a.j.JMeter: java.version=1.8.0_111
2020-10-29 09:07:02,755 INFO o.a.j.JMeter: java.vm.name=Java HotSpot(TM) 64-Bit Server VM
2020-10-29 09:07:02,755 INFO o.a.j.JMeter: os.name=Mac OS X
2020-10-29 09:07:02,755 INFO o.a.j.JMeter: os.arch=x86_64
2020-10-29 09:07:02,755 INFO o.a.j.JMeter: os.version=10.12.6
2020-10-29 09:07:02,756 INFO o.a.j.JMeter: file.encoding=UTF-8
2020-10-29 09:07:02,756 INFO o.a.j.JMeter: java.awt.headless=null
2020-10-29 09:07:02,756 INFO o.a.j.JMeter: Max memory     =1073741824
2020-10-29 09:07:02,756 INFO o.a.j.JMeter: Available Processors =2
2020-10-29 09:07:02,776 INFO o.a.j.JMeter: Default Locale=English (EN)
2020-10-29 09:07:02,777 INFO o.a.j.JMeter: JMeter  Locale=English (EN)
2020-10-29 09:07:02,777 INFO o.a.j.JMeter: JMeterHome=/Users/fanseasn/Desktop/apache-jmeter-5.3
2020-10-29 09:07:02,777 INFO o.a.j.JMeter: user.dir  =/Users/fanseasn/Desktop/apache-jmeter-5.3/bin
2020-10-29 09:07:02,777 INFO o.a.j.JMeter: PWD       =/Users/fanseasn/Desktop/apache-jmeter-5.3/bin
2020-10-29 09:07:02,780 INFO o.a.j.JMeter: IP: 192.168.3.8 Name: fan-SeasnmatoMacBook-Pro.local FullName: 192.168.3.8
2020-10-29 09:07:03,637 INFO o.a.j.JMeter: Setting LAF to: com.github.weisj.darklaf.DarkLaf:com.github.weisj.darklaf.theme.DarculaTheme
2020-10-29 09:07:08,310 INFO o.a.j.JMeter: Loaded icon properties from org/apache/jmeter/images/icon.properties
2020-10-29 09:07:30,206 INFO o.a.j.p.h.s.HTTPSamplerBase: Parser for text/html is org.apache.jmeter.protocol.http.parser.LagartoBasedHtmlParser
2020-10-29 09:07:30,207 INFO o.a.j.p.h.s.HTTPSamplerBase: Parser for application/xhtml+xml is org.apache.jmeter.protocol.http.parser.LagartoBasedHtmlParser
2020-10-29 09:07:30,207 INFO o.a.j.p.h.s.HTTPSamplerBase: Parser for application/xml is org.apache.jmeter.protocol.http.parser.LagartoBasedHtmlParser
2020-10-29 09:07:30,207 INFO o.a.j.p.h.s.HTTPSamplerBase: Parser for text/xml is org.apache.jmeter.protocol.http.parser.LagartoBasedHtmlParser
2020-10-29 09:07:30,207 INFO o.a.j.p.h.s.HTTPSamplerBase: Parser for text/vnd.wap.wml is org.apache.jmeter.protocol.http.parser.RegexpHTMLParser
2020-10-29 09:07:30,208 INFO o.a.j.p.h.s.HTTPSamplerBase: Parser for text/css is org.apache.jmeter.protocol.http.parser.CssParser
