2021-03-12 12:02:17,244 INFO o.a.j.u.JMeterUtils: Setting Locale to en_EN
2021-03-12 12:02:17,306 INFO o.a.j.JMeter: Loading user properties from: /Users/fanseasn/Desktop/apache-jmeter-5.3/bin/user.properties
2021-03-12 12:02:17,307 INFO o.a.j.JMeter: Loading system properties from: /Users/fanseasn/Desktop/apache-jmeter-5.3/bin/system.properties
2021-03-12 12:02:17,309 INFO o.a.j.JMeter: Setting JMeter property: mysqlurl=jdbc:mysql://127.0.0.1:3306/testcenter?useUnicode=true&useSSL=false&allowMultiQueries=true&characterEncoding=utf-8&useLegacyDatetimeCode=false&serverTimezone=UTC
2021-03-12 12:02:17,309 INFO o.a.j.JMeter: Setting JMeter property: mysqlusername=root
2021-03-12 12:02:17,309 INFO o.a.j.JMeter: Setting JMeter property: mysqlpassword=root
2021-03-12 12:02:17,309 INFO o.a.j.JMeter: Setting JMeter property: thread=1
2021-03-12 12:02:17,309 INFO o.a.j.JMeter: Setting JMeter property: loops=1
2021-03-12 12:02:17,310 INFO o.a.j.JMeter: Setting JMeter property: testplanid=12
2021-03-12 12:02:17,310 INFO o.a.j.JMeter: Setting JMeter property: caseid=1
2021-03-12 12:02:17,310 INFO o.a.j.JMeter: Setting JMeter property: slaverid=5
2021-03-12 12:02:17,311 INFO o.a.j.JMeter: Setting JMeter property: batchid=35
2021-03-12 12:02:17,311 INFO o.a.j.JMeter: Setting JMeter property: batchname=2021-3-14-000009
2021-03-12 12:02:17,311 INFO o.a.j.JMeter: Setting JMeter property: testdeployunit=httpapitestcase
2021-03-12 12:02:17,312 INFO o.a.j.JMeter: Setting JMeter property: testclass=httpapi
2021-03-12 12:02:17,323 INFO o.a.j.JMeter: Copyright (c) 1998-2020 The Apache Software Foundation
2021-03-12 12:02:17,323 INFO o.a.j.JMeter: Version 5.3
2021-03-12 12:02:17,323 INFO o.a.j.JMeter: java.version=1.8.0_272
2021-03-12 12:02:17,323 INFO o.a.j.JMeter: java.vm.name=OpenJDK 64-Bit Server VM GraalVM CE 20.3.0
2021-03-12 12:02:17,323 INFO o.a.j.JMeter: os.name=Mac OS X
2021-03-12 12:02:17,323 INFO o.a.j.JMeter: os.arch=x86_64
2021-03-12 12:02:17,323 INFO o.a.j.JMeter: os.version=10.12.6
2021-03-12 12:02:17,323 INFO o.a.j.JMeter: file.encoding=UTF-8
2021-03-12 12:02:17,324 INFO o.a.j.JMeter: java.awt.headless=true
2021-03-12 12:02:17,324 INFO o.a.j.JMeter: Max memory     =1073741824
2021-03-12 12:02:17,324 INFO o.a.j.JMeter: Available Processors =2
2021-03-12 12:02:17,363 INFO o.a.j.JMeter: Default Locale=English (EN)
2021-03-12 12:02:17,364 INFO o.a.j.JMeter: JMeter  Locale=English (EN)
2021-03-12 12:02:17,364 INFO o.a.j.JMeter: JMeterHome=/Users/fanseasn/Desktop/apache-jmeter-5.3
2021-03-12 12:02:17,365 INFO o.a.j.JMeter: user.dir  =/Users/fanseasn/Work/QAP/testplantform
2021-03-12 12:02:17,365 INFO o.a.j.JMeter: PWD       =/Users/fanseasn/Work/QAP/testplantform
2021-03-12 12:02:17,372 INFO o.a.j.JMeter: IP: 192.168.3.8 Name: fan-SeasnmatoMacBook-Pro.local FullName: 192.168.3.8
2021-03-12 12:02:17,393 INFO o.a.j.s.FileServer: Default base='/Users/fanseasn/Work/QAP/testplantform'
2021-03-12 12:02:17,418 INFO o.a.j.s.FileServer: Set new base='/Users/fanseasn/Work/QAP/testplantform/servicejmxcase'
2021-03-12 12:02:17,985 INFO o.a.j.s.SaveService: Testplan (JMX) version: 2.2. Testlog (JTL) version: 2.2
2021-03-12 12:02:18,047 INFO o.a.j.s.SaveService: Using SaveService properties file encoding UTF-8
2021-03-12 12:02:18,056 INFO o.a.j.s.SaveService: Using SaveService properties version 5.0
2021-03-12 12:02:18,090 INFO o.a.j.s.SaveService: Loading file: /Users/fanseasn/Work/QAP/testplantform/servicejmxcase/apitest.jmx
2021-03-12 12:02:19,271 INFO o.a.j.JMeter: Creating summariser <summary>
2021-03-12 12:02:19,282 INFO o.a.j.e.StandardJMeterEngine: Running the test!
2021-03-12 12:02:19,284 INFO o.a.j.s.SampleEvent: List of sample_variables: []
2021-03-12 12:02:19,284 INFO o.a.j.s.SampleEvent: List of sample_variables: []
2021-03-12 12:02:19,297 INFO o.a.j.e.u.CompoundVariable: Note: Function class names must contain the string: '.functions.'
2021-03-12 12:02:19,298 INFO o.a.j.e.u.CompoundVariable: Note: Function class names must not contain the string: '.gui.'
2021-03-12 12:02:19,689 INFO o.a.j.p.j.s.JavaSampler: Created class: com.api.autotest.core.precondition. Uses tearDownTest: 
2021-03-12 12:02:19,693 INFO o.a.j.p.j.s.JavaSampler: Created class: com.api.autotest.test.httpapitestcase.httpapi. Uses tearDownTest: 
2021-03-12 12:02:19,697 INFO o.a.j.p.j.s.JavaSampler: Created class: com.api.autotest.core.postcondition. Uses tearDownTest: 
2021-03-12 12:02:19,699 INFO o.a.j.JMeter: Running test (1615521739699)
2021-03-12 12:02:19,702 INFO o.a.j.e.StandardJMeterEngine: Starting setUp thread groups
2021-03-12 12:02:19,702 INFO o.a.j.e.StandardJMeterEngine: Starting setUp ThreadGroup: 1 : 前置条件线程 
2021-03-12 12:02:19,703 INFO o.a.j.e.StandardJMeterEngine: Starting 1 threads for group 前置条件线程.
2021-03-12 12:02:19,703 INFO o.a.j.e.StandardJMeterEngine: Thread will continue on error
2021-03-12 12:02:19,703 INFO o.a.j.t.ThreadGroup: Starting thread group... number=1 threads=1 ramp-up=1 delayedStart=false
2021-03-12 12:02:19,753 INFO o.a.j.t.ThreadGroup: Started thread group number 1
2021-03-12 12:02:19,754 INFO o.a.j.e.StandardJMeterEngine: Waiting for all setup thread groups to exit
2021-03-12 12:02:19,761 INFO o.a.j.t.JMeterThread: Thread started: 前置条件线程 1-1
2021-03-12 12:02:19,768 INFO o.a.j.s.SampleResult: Note: Sample TimeStamps are START times
2021-03-12 12:02:19,769 INFO o.a.j.s.SampleResult: sampleresult.default.encoding is set to ISO-8859-1
2021-03-12 12:02:19,769 INFO o.a.j.s.SampleResult: sampleresult.useNanoTime=true
2021-03-12 12:02:19,769 INFO o.a.j.s.SampleResult: sampleresult.nanoThreadSleep=5000
2021-03-12 12:02:21,146 ERROR o.a.j.u.BeanShellTestElement: ===apiid-------------------------------------1
2021-03-12 12:02:21,148 ERROR o.a.j.u.BeanShellTestElement: ===casetype-------------------------------------功能
2021-03-12 12:02:21,152 INFO o.a.j.p.j.s.AbstractJavaSamplerClient: precondition setupTest 。。。。。。。。。。。。。。。。。。。。。。。。。。。。。。。。。:
2021-03-12 12:02:21,163 INFO o.a.j.p.j.s.AbstractJavaSamplerClient: Sql is:  select * from apicases_condition where basetype ='前置条件' and target='用例' and  caseid=1
2021-03-12 12:02:21,198 INFO o.a.j.p.j.s.AbstractJavaSamplerClient: list size is:  0
2021-03-12 12:02:21,199 INFO o.a.j.p.j.s.AbstractJavaSamplerClient: 前后置条件测试结果 result sql is...........: insert apicases_condition_report (caseid,testplanid,batchid,batchname,slaverid,conditiontype,casetype,status,errorinfo,create_time,lastmodify_time,creator) values(1,12, 35, '2021-3-14-000009', 5, '前置', '功能', '成功','','2021-03-12 12:02:21', '2021-03-12 12:02:21','admin')
2021-03-12 12:02:21,213 INFO o.a.j.p.j.s.AbstractJavaSamplerClient: 处理前置条件完成:
2021-03-12 12:02:21,228 ERROR o.a.j.u.BeanShellTestElement: ===status=========================================================成功
2021-03-12 12:02:24,849 ERROR o.a.j.u.BeanShellTestElement: ===starttime-------------------------------------1615521744847
2021-03-12 12:02:24,859 ERROR o.a.j.u.BeanShellTestElement: ===executeplanname-------------------------------------兑换服务回归测试
2021-03-12 12:02:24,868 ERROR o.a.j.u.BeanShellTestElement: ===casename-------------------------------------获取用户信息正确
2021-03-12 12:02:24,870 ERROR o.a.j.u.BeanShellTestElement: ===expect-------------------------------------xxxxxzzzz
2021-03-12 12:02:24,872 ERROR o.a.j.u.BeanShellTestElement: ===requestcontenttype-------------------------------------
2021-03-12 12:02:24,917 ERROR o.a.j.u.BeanShellTestElement: ===responecontenttype-------------------------------------json
2021-03-12 12:02:24,919 ERROR o.a.j.u.BeanShellTestElement: ===method-------------------------------------get
2021-03-12 12:02:24,923 ERROR o.a.j.u.BeanShellTestElement: ===apistyle-------------------------------------普通方式
2021-03-12 12:02:24,929 ERROR o.a.j.u.BeanShellTestElement: ===path-------------------------------------/redeem/ui/retrySendSmsOrFindShortUrl
2021-03-12 12:02:24,931 ERROR o.a.j.u.BeanShellTestElement: ===protocal-------------------------------------https
2021-03-12 12:02:24,932 ERROR o.a.j.u.BeanShellTestElement: ===port-------------------------------------80
2021-03-12 12:02:24,939 ERROR o.a.j.u.BeanShellTestElement: ===deployunitvisittype-------------------------------------域名
2021-03-12 12:02:24,943 ERROR o.a.j.u.BeanShellTestElement: ===ip-------------------------------------127.0.0.1
2021-03-12 12:02:24,944 ERROR o.a.j.u.BeanShellTestElement: ===domain-------------------------------------marketing-ui.confucius.mobi
2021-03-12 12:02:24,950 ERROR o.a.j.u.BeanShellTestElement: ===resource-------------------------------------https://marketing-ui.confucius.mobi/redeem/ui/retrySendSmsOrFindShortUrl
2021-03-12 12:02:24,954 ERROR o.a.j.u.BeanShellTestElement: ===casedatalistsize-------------------------------------3
2021-03-12 12:02:24,969 ERROR o.a.j.u.BeanShellTestElement: ===00000000000000000000000000-------------------------------------
2021-03-12 12:02:24,974 ERROR o.a.j.u.BeanShellTestElement: ===pppppppppppppppppppppppppppp-------------------------------------
2021-03-12 12:02:24,977 ERROR o.a.j.u.BeanShellTestElement: =Params==apiparam-------------------------------------goodsThirdPartyType
2021-03-12 12:02:24,977 ERROR o.a.j.u.BeanShellTestElement: ==Params=apiparamvalue-------------------------------------ALIPAY
2021-03-12 12:02:25,062 ERROR o.a.j.u.BeanShellTestElement: ==paramjson-------------------------------------{"goodsThirdPartyType":"ALIPAY"}
2021-03-12 12:02:25,063 ERROR o.a.j.u.BeanShellTestElement: ==headjson-------------------------------------{}
2021-03-12 12:02:25,063 ERROR o.a.j.u.BeanShellTestElement: ==bodyjson-------------------------------------{}
2021-03-12 12:02:25,064 ERROR o.a.j.u.BeanShellTestElement: ==dubbojson-------------------------------------{}
2021-03-12 12:02:25,065 ERROR o.a.j.u.BeanShellTestElement: ===apiparamssize-------------------------------------1
2021-03-12 12:02:25,072 ERROR o.a.j.u.BeanShellTestElement: ===Propery-------------------------------------Params
2021-03-12 12:02:25,072 ERROR o.a.j.u.BeanShellTestElement: ===headjson-------------------------------------{}
2021-03-12 12:02:25,073 ERROR o.a.j.u.BeanShellTestElement: ===paramjson-------------------------------------{"goodsThirdPartyType":"ALIPAY"}
2021-03-12 12:02:25,073 INFO o.a.j.t.JMeterThread: Thread is done: 前置条件线程 1-1
2021-03-12 12:02:25,074 INFO o.a.j.t.JMeterThread: Thread finished: 前置条件线程 1-1
2021-03-12 12:02:25,074 INFO o.a.j.e.StandardJMeterEngine: All Setup Threads have ended
2021-03-12 12:02:25,238 INFO o.a.j.e.StandardJMeterEngine: Starting ThreadGroup: 1 : 执行用例
2021-03-12 12:02:25,238 INFO o.a.j.e.StandardJMeterEngine: Starting 1 threads for group 执行用例.
2021-03-12 12:02:25,238 INFO o.a.j.e.StandardJMeterEngine: Thread will continue on error
2021-03-12 12:02:25,239 INFO o.a.j.t.ThreadGroup: Starting thread group... number=1 threads=1 ramp-up=1 delayedStart=false
2021-03-12 12:02:25,240 INFO o.a.j.t.ThreadGroup: Started thread group number 1
2021-03-12 12:02:25,240 INFO o.a.j.e.StandardJMeterEngine: All thread groups have been started
2021-03-12 12:02:25,240 INFO o.a.j.t.JMeterThread: Thread started: 执行用例 1-1
2021-03-12 12:02:25,385 INFO o.a.j.p.j.s.AbstractJavaSamplerClient: Hello World runTest 。。。。。。。。。。。。。。。。。。。。。。。。。。。。。。。。。:
2021-03-12 12:02:25,386 INFO o.a.j.p.j.s.AbstractJavaSamplerClient: casename is :  获取用户信息正确
2021-03-12 12:02:25,386 INFO o.a.j.p.j.s.AbstractJavaSamplerClient: executeplanname is :  兑换服务回归测试
2021-03-12 12:02:25,386 INFO o.a.j.p.j.s.AbstractJavaSamplerClient: 兑换服务回归测试--获取用户信息正确 :RequestmMthod is :  get
2021-03-12 12:02:25,386 INFO o.a.j.p.j.s.AbstractJavaSamplerClient: 兑换服务回归测试--获取用户信息正确 :resource is :  https://marketing-ui.confucius.mobi/redeem/ui/retrySendSmsOrFindShortUrl
2021-03-12 12:02:25,386 INFO o.a.j.p.j.s.AbstractJavaSamplerClient: 兑换服务回归测试--获取用户信息正确 :apistyle is :  普通方式
2021-03-12 12:02:25,386 INFO o.a.j.p.j.s.AbstractJavaSamplerClient: 兑换服务回归测试--获取用户信息正确 :requestcontenttype is :  
2021-03-12 12:02:25,386 INFO o.a.j.p.j.s.AbstractJavaSamplerClient: 兑换服务回归测试--获取用户信息正确 :responecontenttype is :  json
2021-03-12 12:02:25,386 INFO o.a.j.p.j.s.AbstractJavaSamplerClient: 兑换服务回归测试--获取用户信息正确 :headjson is :  {}
2021-03-12 12:02:25,386 INFO o.a.j.p.j.s.AbstractJavaSamplerClient: 兑换服务回归测试--获取用户信息正确 :paramsjson is :  {"goodsThirdPartyType":"ALIPAY"}
2021-03-12 12:02:25,386 INFO o.a.j.p.j.s.AbstractJavaSamplerClient: 兑换服务回归测试--获取用户信息正确 :expect is :  xxxxxzzzz
2021-03-12 12:02:25,386 INFO o.a.j.p.j.s.AbstractJavaSamplerClient: 兑换服务回归测试--获取用户信息正确 :casetype is :  功能
2021-03-12 12:02:25,387 INFO o.a.j.p.j.s.AbstractJavaSamplerClient: 兑换服务回归测试--获取用户信息正确 :protocal is :  https
2021-03-12 12:02:25,387 INFO o.a.j.p.j.s.AbstractJavaSamplerClient: 兑换服务回归测试--获取用户信息正确 :期望值all为 .....xxxxxzzzz
2021-03-12 12:02:25,387 INFO o.a.j.p.j.s.AbstractJavaSamplerClient: 兑换服务回归测试--获取用户信息正确 :期望值为 .....xxxxxzzzz
2021-03-12 12:02:25,387 ERROR o.a.j.p.j.s.AbstractJavaSamplerClient: 兑换服务回归测试--获取用户信息正确 :用例执行发生异常，请检查!用例的期望值:xxxxxzzzz填写不符合规范
2021-03-12 12:02:25,387 INFO o.a.j.p.j.s.AbstractJavaSamplerClient: 兑换服务回归测试--获取用户信息正确 :测试结果 result sql is...........: insert  apicases_report (caseid,testplanid,batchname,slaverid,status,respone,assertvalue,runtime,expect,errorinfo,create_time,lastmodify_time,creator) values(1,12, '2021-3-14-000009', 5, '失败' , '','',3,'xxxxxzzzz','用例的期望值:xxxxxzzzz填写不符合规范','2021-03-12 12:02:25','2021-03-12 12:02:25','admin')
2021-03-12 12:02:25,415 INFO o.a.j.t.JMeterThread: Thread is done: 执行用例 1-1
2021-03-12 12:02:25,415 INFO o.a.j.t.JMeterThread: Thread finished: 执行用例 1-1
2021-03-12 12:02:25,416 INFO o.a.j.e.StandardJMeterEngine: Starting tearDown thread groups
2021-03-12 12:02:25,416 INFO o.a.j.e.StandardJMeterEngine: Starting tearDown ThreadGroup: 1 : 后置条件线程
2021-03-12 12:02:25,416 INFO o.a.j.e.StandardJMeterEngine: Starting 1 threads for group 后置条件线程.
2021-03-12 12:02:25,416 INFO o.a.j.e.StandardJMeterEngine: Thread will continue on error
2021-03-12 12:02:25,416 INFO o.a.j.t.ThreadGroup: Starting thread group... number=1 threads=1 ramp-up=1 delayedStart=false
2021-03-12 12:02:25,417 INFO o.a.j.t.ThreadGroup: Started thread group number 1
2021-03-12 12:02:25,418 INFO o.a.j.t.JMeterThread: Thread started: 后置条件线程 1-1
2021-03-12 12:02:25,473 INFO o.a.j.t.JMeterThread: Thread is done: 后置条件线程 1-1
2021-03-12 12:02:25,473 INFO o.a.j.t.JMeterThread: Thread finished: 后置条件线程 1-1
2021-03-12 12:02:25,473 INFO o.a.j.e.StandardJMeterEngine: Notifying test listeners of end of test
2021-03-12 12:02:25,477 INFO o.a.j.p.j.s.AbstractJavaSamplerClient: postcondition teardownTest 。。。。。。。。。。。。。。。。。。。。。。。。。。。。。。。。。:
2021-03-12 12:02:25,478 INFO o.a.j.p.j.s.AbstractJavaSamplerClient: 兑换服务回归测试--获取用户信息正确 :Sql is:  select * from apicases_condition where basetype ='后置条件' and target='用例' and  caseid=1
2021-03-12 12:02:25,488 INFO o.a.j.p.j.s.AbstractJavaSamplerClient: 兑换服务回归测试--获取用户信息正确 :list size is:  0
2021-03-12 12:02:25,488 INFO o.a.j.p.j.s.AbstractJavaSamplerClient: 兑换服务回归测试--获取用户信息正确 :前后置条件测试结果 result sql is...........: insert apicases_condition_report (caseid,testplanid,batchid,batchname,slaverid,conditiontype,casetype,status,errorinfo,create_time,lastmodify_time,creator) values(1,12, 35, '2021-3-14-000009', 5, '后置', '功能', '成功','','2021-03-12 12:02:25', '2021-03-12 12:02:25','admin')
2021-03-12 12:02:25,509 INFO o.a.j.p.j.s.AbstractJavaSamplerClient: 兑换服务回归测试--获取用户信息正确 :处理后置条件完成
2021-03-12 12:02:25,509 INFO o.a.j.p.j.s.AbstractJavaSamplerClient: 兑换服务回归测试--获取用户信息正确 :更新调度用例状态 result sql is...........: update dispatch set status='已完成',lastmodify_time='2021-03-12 12:02:25' where slaverid=5 and execplanid=12 and batchid=35 and testcaseid=1
2021-03-12 12:02:25,515 INFO o.a.j.p.j.s.AbstractJavaSamplerClient: 兑换服务回归测试--获取用户信息正确 :更新调度表状态完成
2021-03-12 12:02:25,517 INFO o.a.j.r.Summariser: summary =     13 in 00:00:06 =    2.2/s Avg:   128 Min:     1 Max:  1305 Err:     1 (7.69%)
